[02-Oct-2022 13:20:32 UTC] Beaver Builder: URL change detected, cache cleared.
[02-Oct-2022 13:20:32 UTC] PHP Fatal error:  Uncaught Error: Class 'FLUpdater' not found in C:\Users\jneth\Local Sites\ranksocial\app\public\wp-content\plugins\beaver-builder-lite-version\classes\class-fl-builder-update.php:22
Stack trace:
#0 C:\Users\jneth\Local Sites\ranksocial\app\public\wp-includes\class-wp-hook.php(307): FLBuilderUpdate::maybe_reregister_license('localhost:10004', 'www.jamesethrid...')
#1 C:\Users\jneth\Local Sites\ranksocial\app\public\wp-includes\class-wp-hook.php(331): WP_Hook->apply_filters('', Array)
#2 C:\Users\jneth\Local Sites\ranksocial\app\public\wp-includes\plugin.php(476): WP_Hook->do_action(Array)
#3 C:\Users\jneth\Local Sites\ranksocial\app\public\wp-content\plugins\beaver-builder-lite-version\extensions\fl-builder-cache-helper\classes\class-fl-builder-cache-helper.php(43): do_action('fl_site_url_cha...', 'localhost:10004', 'www.jamesethrid...')
#4 C:\Users\jneth\Local Sites\ranksocial\app\public\wp-includes\class-wp-hook.php(307): FLCacheClear\Plugin->check_urls('')
#5 C:\Users\jneth\Local Sites\ranksocial\app\public in C:\Users\jneth\Local Sites\ranksocial\app\public\wp-content\plugins\beaver-builder-lite-version\classes\class-fl-builder-update.php on line 22
[02-Oct-2022 13:58:30 UTC] as
[02-Oct-2022 13:58:30 UTC] as
[02-Oct-2022 13:58:30 UTC] as
[02-Oct-2022 13:58:31 UTC] as
[02-Oct-2022 13:58:31 UTC] as
[02-Oct-2022 13:58:31 UTC] as
[02-Oct-2022 13:58:31 UTC] as
[02-Oct-2022 13:58:31 UTC] as
[02-Oct-2022 14:00:10 UTC] as
[02-Oct-2022 14:00:11 UTC] as
[02-Oct-2022 14:01:02 UTC] as
[02-Oct-2022 14:01:02 UTC] as
[02-Oct-2022 14:01:03 UTC] as
[02-Oct-2022 14:01:03 UTC] as
[02-Oct-2022 14:01:03 UTC] as
[02-Oct-2022 14:01:03 UTC] as
[02-Oct-2022 14:01:04 UTC] as
[02-Oct-2022 14:01:04 UTC] as
[02-Oct-2022 14:01:04 UTC] as
[02-Oct-2022 14:01:04 UTC] as
[02-Oct-2022 14:01:10 UTC] as
[16-May-2024 20:42:51 UTC] PHP Warning:  PHP Startup: Unable to load dynamic library 'php_imagick.dll' (tried: C:/Program Files (x86)/Local/resources/extraResources/lightning-services/php-7.4.1+18/bin/win64/ext\php_imagick.dll (The specified module could not be found.), C:/Program Files (x86)/Local/resources/extraResources/lightning-services/php-7.4.1+18/bin/win64/ext\php_php_imagick.dll.dll (The specified module could not be found.)) in Unknown on line 0
[16-May-2024 20:42:52 UTC] PHP Warning:  PHP Startup: Unable to load dynamic library 'php_imagick.dll' (tried: C:/Program Files (x86)/Local/resources/extraResources/lightning-services/php-7.4.1+18/bin/win64/ext\php_imagick.dll (The specified module could not be found.), C:/Program Files (x86)/Local/resources/extraResources/lightning-services/php-7.4.1+18/bin/win64/ext\php_php_imagick.dll.dll (The specified module could not be found.)) in Unknown on line 0
[16-May-2024 20:42:52 UTC] PHP Warning:  PHP Startup: Unable to load dynamic library 'php_imagick.dll' (tried: C:/Program Files (x86)/Local/resources/extraResources/lightning-services/php-7.4.1+18/bin/win64/ext\php_imagick.dll (The specified module could not be found.), C:/Program Files (x86)/Local/resources/extraResources/lightning-services/php-7.4.1+18/bin/win64/ext\php_php_imagick.dll.dll (The specified module could not be found.)) in Unknown on line 0
[16-May-2024 20:42:52 UTC] PHP Warning:  PHP Startup: Unable to load dynamic library 'php_imagick.dll' (tried: C:/Program Files (x86)/Local/resources/extraResources/lightning-services/php-7.4.1+18/bin/win64/ext\php_imagick.dll (The specified module could not be found.), C:/Program Files (x86)/Local/resources/extraResources/lightning-services/php-7.4.1+18/bin/win64/ext\php_php_imagick.dll.dll (The specified module could not be found.)) in Unknown on line 0
