[02-Oct-2022 16:06:55 UTC] PHP Notice:  Function wp_deregister_script was called <strong>incorrectly</strong>. Do not deregister the <code>jquery</code> script in the administration area. To target the front-end theme, use the <code>wp_enqueue_scripts</code> hook. Please see <a href="https://wordpress.org/support/article/debugging-in-wordpress/">Debugging in WordPress</a> for more information. (This message was added in version 3.6.0.) in C:\Users\jneth\Local Sites\ranksocial\app\public\wp-includes\functions.php on line 5831
[02-Oct-2022 16:06:55 UTC] PHP Stack trace:
[02-Oct-2022 16:06:55 UTC] PHP   1. {main}() C:\Users\jneth\Local Sites\ranksocial\app\public\wp-login.php:0
[02-Oct-2022 16:06:55 UTC] PHP   2. require() C:\Users\jneth\Local Sites\ranksocial\app\public\wp-login.php:12
[02-Oct-2022 16:06:55 UTC] PHP   3. require_once() C:\Users\jneth\Local Sites\ranksocial\app\public\wp-load.php:50
[02-Oct-2022 16:06:55 UTC] PHP   4. require_once() C:\Users\jneth\Local Sites\ranksocial\app\public\wp-config.php:98
[02-Oct-2022 16:06:55 UTC] PHP   5. do_action() C:\Users\jneth\Local Sites\ranksocial\app\public\wp-settings.php:598
[02-Oct-2022 16:06:55 UTC] PHP   6. WP_Hook->do_action() C:\Users\jneth\Local Sites\ranksocial\app\public\wp-includes\plugin.php:476
[02-Oct-2022 16:06:55 UTC] PHP   7. WP_Hook->apply_filters() C:\Users\jneth\Local Sites\ranksocial\app\public\wp-includes\class-wp-hook.php:331
[02-Oct-2022 16:06:55 UTC] PHP   8. use_jquery_from_google() C:\Users\jneth\Local Sites\ranksocial\app\public\wp-includes\class-wp-hook.php:307
[02-Oct-2022 16:06:55 UTC] PHP   9. wp_deregister_script() C:\Users\jneth\Local Sites\ranksocial\app\public\wp-content\themes\astraChild\functions.php:35
[02-Oct-2022 16:06:55 UTC] PHP  10. _doing_it_wrong() C:\Users\jneth\Local Sites\ranksocial\app\public\wp-includes\functions.wp-scripts.php:315
[02-Oct-2022 16:06:55 UTC] PHP  11. trigger_error() C:\Users\jneth\Local Sites\ranksocial\app\public\wp-includes\functions.php:5831
[02-Oct-2022 17:33:22 UTC] PHP Notice:  Function wp_deregister_script was called <strong>incorrectly</strong>. Do not deregister the <code>jquery</code> script in the administration area. To target the front-end theme, use the <code>wp_enqueue_scripts</code> hook. Please see <a href="https://wordpress.org/support/article/debugging-in-wordpress/">Debugging in WordPress</a> for more information. (This message was added in version 3.6.0.) in C:\Users\jneth\Local Sites\ranksocial\app\public\wp-includes\functions.php on line 5831
[02-Oct-2022 17:33:22 UTC] PHP Stack trace:
[02-Oct-2022 17:33:22 UTC] PHP   1. {main}() C:\Users\jneth\Local Sites\ranksocial\app\public\wp-login.php:0
[02-Oct-2022 17:33:22 UTC] PHP   2. require() C:\Users\jneth\Local Sites\ranksocial\app\public\wp-login.php:12
[02-Oct-2022 17:33:22 UTC] PHP   3. require_once() C:\Users\jneth\Local Sites\ranksocial\app\public\wp-load.php:50
[02-Oct-2022 17:33:22 UTC] PHP   4. require_once() C:\Users\jneth\Local Sites\ranksocial\app\public\wp-config.php:98
[02-Oct-2022 17:33:22 UTC] PHP   5. do_action() C:\Users\jneth\Local Sites\ranksocial\app\public\wp-settings.php:598
[02-Oct-2022 17:33:22 UTC] PHP   6. WP_Hook->do_action() C:\Users\jneth\Local Sites\ranksocial\app\public\wp-includes\plugin.php:476
[02-Oct-2022 17:33:22 UTC] PHP   7. WP_Hook->apply_filters() C:\Users\jneth\Local Sites\ranksocial\app\public\wp-includes\class-wp-hook.php:331
[02-Oct-2022 17:33:22 UTC] PHP   8. use_jquery_from_google() C:\Users\jneth\Local Sites\ranksocial\app\public\wp-includes\class-wp-hook.php:307
[02-Oct-2022 17:33:22 UTC] PHP   9. wp_deregister_script() C:\Users\jneth\Local Sites\ranksocial\app\public\wp-content\themes\astraChild\functions.php:35
[02-Oct-2022 17:33:22 UTC] PHP  10. _doing_it_wrong() C:\Users\jneth\Local Sites\ranksocial\app\public\wp-includes\functions.wp-scripts.php:315
[02-Oct-2022 17:33:22 UTC] PHP  11. trigger_error() C:\Users\jneth\Local Sites\ranksocial\app\public\wp-includes\functions.php:5831
[26-Apr-2024 18:08:25 UTC] PHP Notice:  Function wp_deregister_script was called <strong>incorrectly</strong>. Do not deregister the <code>jquery</code> script in the administration area. To target the front-end theme, use the <code>wp_enqueue_scripts</code> hook. Please see <a href="https://wordpress.org/support/article/debugging-in-wordpress/">Debugging in WordPress</a> for more information. (This message was added in version 3.6.0.) in C:\Users\jneth\Local Sites\ranksocial\app\public\wp-includes\functions.php on line 5831
[26-Apr-2024 18:08:25 UTC] PHP Stack trace:
[26-Apr-2024 18:08:25 UTC] PHP   1. {main}() C:\Users\jneth\Local Sites\ranksocial\app\public\wp-login.php:0
[26-Apr-2024 18:08:25 UTC] PHP   2. require() C:\Users\jneth\Local Sites\ranksocial\app\public\wp-login.php:12
[26-Apr-2024 18:08:25 UTC] PHP   3. require_once() C:\Users\jneth\Local Sites\ranksocial\app\public\wp-load.php:50
[26-Apr-2024 18:08:25 UTC] PHP   4. require_once() C:\Users\jneth\Local Sites\ranksocial\app\public\wp-config.php:98
[26-Apr-2024 18:08:25 UTC] PHP   5. do_action() C:\Users\jneth\Local Sites\ranksocial\app\public\wp-settings.php:598
[26-Apr-2024 18:08:25 UTC] PHP   6. WP_Hook->do_action() C:\Users\jneth\Local Sites\ranksocial\app\public\wp-includes\plugin.php:476
[26-Apr-2024 18:08:25 UTC] PHP   7. WP_Hook->apply_filters() C:\Users\jneth\Local Sites\ranksocial\app\public\wp-includes\class-wp-hook.php:331
[26-Apr-2024 18:08:25 UTC] PHP   8. use_jquery_from_google() C:\Users\jneth\Local Sites\ranksocial\app\public\wp-includes\class-wp-hook.php:307
[26-Apr-2024 18:08:25 UTC] PHP   9. wp_deregister_script() C:\Users\jneth\Local Sites\ranksocial\app\public\wp-content\themes\astraChild\functions.php:35
[26-Apr-2024 18:08:25 UTC] PHP  10. _doing_it_wrong() C:\Users\jneth\Local Sites\ranksocial\app\public\wp-includes\functions.wp-scripts.php:315
[26-Apr-2024 18:08:25 UTC] PHP  11. trigger_error() C:\Users\jneth\Local Sites\ranksocial\app\public\wp-includes\functions.php:5831
[26-Apr-2024 18:08:26 UTC] PHP Notice:  Function wp_deregister_script was called <strong>incorrectly</strong>. Do not deregister the <code>jquery</code> script in the administration area. To target the front-end theme, use the <code>wp_enqueue_scripts</code> hook. Please see <a href="https://wordpress.org/support/article/debugging-in-wordpress/">Debugging in WordPress</a> for more information. (This message was added in version 3.6.0.) in C:\Users\jneth\Local Sites\ranksocial\app\public\wp-includes\functions.php on line 5831
[26-Apr-2024 18:08:26 UTC] PHP Stack trace:
[26-Apr-2024 18:08:26 UTC] PHP   1. {main}() C:\Users\jneth\Local Sites\ranksocial\app\public\wp-login.php:0
[26-Apr-2024 18:08:26 UTC] PHP   2. require() C:\Users\jneth\Local Sites\ranksocial\app\public\wp-login.php:12
[26-Apr-2024 18:08:26 UTC] PHP   3. require_once() C:\Users\jneth\Local Sites\ranksocial\app\public\wp-load.php:50
[26-Apr-2024 18:08:26 UTC] PHP   4. require_once() C:\Users\jneth\Local Sites\ranksocial\app\public\wp-config.php:98
[26-Apr-2024 18:08:26 UTC] PHP   5. do_action() C:\Users\jneth\Local Sites\ranksocial\app\public\wp-settings.php:598
[26-Apr-2024 18:08:26 UTC] PHP   6. WP_Hook->do_action() C:\Users\jneth\Local Sites\ranksocial\app\public\wp-includes\plugin.php:476
[26-Apr-2024 18:08:26 UTC] PHP   7. WP_Hook->apply_filters() C:\Users\jneth\Local Sites\ranksocial\app\public\wp-includes\class-wp-hook.php:331
[26-Apr-2024 18:08:26 UTC] PHP   8. use_jquery_from_google() C:\Users\jneth\Local Sites\ranksocial\app\public\wp-includes\class-wp-hook.php:307
[26-Apr-2024 18:08:26 UTC] PHP   9. wp_deregister_script() C:\Users\jneth\Local Sites\ranksocial\app\public\wp-content\themes\astraChild\functions.php:35
[26-Apr-2024 18:08:26 UTC] PHP  10. _doing_it_wrong() C:\Users\jneth\Local Sites\ranksocial\app\public\wp-includes\functions.wp-scripts.php:315
[26-Apr-2024 18:08:26 UTC] PHP  11. trigger_error() C:\Users\jneth\Local Sites\ranksocial\app\public\wp-includes\functions.php:5831
[26-Apr-2024 18:08:27 UTC] PHP Notice:  Function wp_deregister_script was called <strong>incorrectly</strong>. Do not deregister the <code>jquery</code> script in the administration area. To target the front-end theme, use the <code>wp_enqueue_scripts</code> hook. Please see <a href="https://wordpress.org/support/article/debugging-in-wordpress/">Debugging in WordPress</a> for more information. (This message was added in version 3.6.0.) in C:\Users\jneth\Local Sites\ranksocial\app\public\wp-includes\functions.php on line 5831
[26-Apr-2024 18:08:27 UTC] PHP Stack trace:
[26-Apr-2024 18:08:27 UTC] PHP   1. {main}() C:\Users\jneth\Local Sites\ranksocial\app\public\wp-login.php:0
[26-Apr-2024 18:08:27 UTC] PHP   2. require() C:\Users\jneth\Local Sites\ranksocial\app\public\wp-login.php:12
[26-Apr-2024 18:08:27 UTC] PHP   3. require_once() C:\Users\jneth\Local Sites\ranksocial\app\public\wp-load.php:50
[26-Apr-2024 18:08:27 UTC] PHP   4. require_once() C:\Users\jneth\Local Sites\ranksocial\app\public\wp-config.php:98
[26-Apr-2024 18:08:27 UTC] PHP   5. do_action() C:\Users\jneth\Local Sites\ranksocial\app\public\wp-settings.php:598
[26-Apr-2024 18:08:27 UTC] PHP   6. WP_Hook->do_action() C:\Users\jneth\Local Sites\ranksocial\app\public\wp-includes\plugin.php:476
[26-Apr-2024 18:08:27 UTC] PHP   7. WP_Hook->apply_filters() C:\Users\jneth\Local Sites\ranksocial\app\public\wp-includes\class-wp-hook.php:331
[26-Apr-2024 18:08:27 UTC] PHP   8. use_jquery_from_google() C:\Users\jneth\Local Sites\ranksocial\app\public\wp-includes\class-wp-hook.php:307
[26-Apr-2024 18:08:27 UTC] PHP   9. wp_deregister_script() C:\Users\jneth\Local Sites\ranksocial\app\public\wp-content\themes\astraChild\functions.php:35
[26-Apr-2024 18:08:27 UTC] PHP  10. _doing_it_wrong() C:\Users\jneth\Local Sites\ranksocial\app\public\wp-includes\functions.wp-scripts.php:315
[26-Apr-2024 18:08:27 UTC] PHP  11. trigger_error() C:\Users\jneth\Local Sites\ranksocial\app\public\wp-includes\functions.php:5831
[26-Apr-2024 18:08:28 UTC] PHP Notice:  Function wp_deregister_script was called <strong>incorrectly</strong>. Do not deregister the <code>jquery</code> script in the administration area. To target the front-end theme, use the <code>wp_enqueue_scripts</code> hook. Please see <a href="https://wordpress.org/support/article/debugging-in-wordpress/">Debugging in WordPress</a> for more information. (This message was added in version 3.6.0.) in C:\Users\jneth\Local Sites\ranksocial\app\public\wp-includes\functions.php on line 5831
[26-Apr-2024 18:08:28 UTC] PHP Stack trace:
[26-Apr-2024 18:08:28 UTC] PHP   1. {main}() C:\Users\jneth\Local Sites\ranksocial\app\public\wp-login.php:0
[26-Apr-2024 18:08:28 UTC] PHP   2. require() C:\Users\jneth\Local Sites\ranksocial\app\public\wp-login.php:12
[26-Apr-2024 18:08:28 UTC] PHP   3. require_once() C:\Users\jneth\Local Sites\ranksocial\app\public\wp-load.php:50
[26-Apr-2024 18:08:28 UTC] PHP   4. require_once() C:\Users\jneth\Local Sites\ranksocial\app\public\wp-config.php:98
[26-Apr-2024 18:08:28 UTC] PHP   5. do_action() C:\Users\jneth\Local Sites\ranksocial\app\public\wp-settings.php:598
[26-Apr-2024 18:08:28 UTC] PHP   6. WP_Hook->do_action() C:\Users\jneth\Local Sites\ranksocial\app\public\wp-includes\plugin.php:476
[26-Apr-2024 18:08:28 UTC] PHP   7. WP_Hook->apply_filters() C:\Users\jneth\Local Sites\ranksocial\app\public\wp-includes\class-wp-hook.php:331
[26-Apr-2024 18:08:28 UTC] PHP   8. use_jquery_from_google() C:\Users\jneth\Local Sites\ranksocial\app\public\wp-includes\class-wp-hook.php:307
[26-Apr-2024 18:08:28 UTC] PHP   9. wp_deregister_script() C:\Users\jneth\Local Sites\ranksocial\app\public\wp-content\themes\astraChild\functions.php:35
[26-Apr-2024 18:08:28 UTC] PHP  10. _doing_it_wrong() C:\Users\jneth\Local Sites\ranksocial\app\public\wp-includes\functions.wp-scripts.php:315
[26-Apr-2024 18:08:28 UTC] PHP  11. trigger_error() C:\Users\jneth\Local Sites\ranksocial\app\public\wp-includes\functions.php:5831
[26-Apr-2024 18:08:32 UTC] PHP Notice:  Function wp_deregister_script was called <strong>incorrectly</strong>. Do not deregister the <code>jquery</code> script in the administration area. To target the front-end theme, use the <code>wp_enqueue_scripts</code> hook. Please see <a href="https://wordpress.org/support/article/debugging-in-wordpress/">Debugging in WordPress</a> for more information. (This message was added in version 3.6.0.) in C:\Users\jneth\Local Sites\ranksocial\app\public\wp-includes\functions.php on line 5831
[26-Apr-2024 18:08:32 UTC] PHP Stack trace:
[26-Apr-2024 18:08:32 UTC] PHP   1. {main}() C:\Users\jneth\Local Sites\ranksocial\app\public\wp-login.php:0
[26-Apr-2024 18:08:32 UTC] PHP   2. require() C:\Users\jneth\Local Sites\ranksocial\app\public\wp-login.php:12
[26-Apr-2024 18:08:32 UTC] PHP   3. require_once() C:\Users\jneth\Local Sites\ranksocial\app\public\wp-load.php:50
[26-Apr-2024 18:08:32 UTC] PHP   4. require_once() C:\Users\jneth\Local Sites\ranksocial\app\public\wp-config.php:98
[26-Apr-2024 18:08:32 UTC] PHP   5. do_action() C:\Users\jneth\Local Sites\ranksocial\app\public\wp-settings.php:598
[26-Apr-2024 18:08:32 UTC] PHP   6. WP_Hook->do_action() C:\Users\jneth\Local Sites\ranksocial\app\public\wp-includes\plugin.php:476
[26-Apr-2024 18:08:32 UTC] PHP   7. WP_Hook->apply_filters() C:\Users\jneth\Local Sites\ranksocial\app\public\wp-includes\class-wp-hook.php:331
[26-Apr-2024 18:08:32 UTC] PHP   8. use_jquery_from_google() C:\Users\jneth\Local Sites\ranksocial\app\public\wp-includes\class-wp-hook.php:307
[26-Apr-2024 18:08:32 UTC] PHP   9. wp_deregister_script() C:\Users\jneth\Local Sites\ranksocial\app\public\wp-content\themes\astraChild\functions.php:35
[26-Apr-2024 18:08:32 UTC] PHP  10. _doing_it_wrong() C:\Users\jneth\Local Sites\ranksocial\app\public\wp-includes\functions.wp-scripts.php:315
[26-Apr-2024 18:08:32 UTC] PHP  11. trigger_error() C:\Users\jneth\Local Sites\ranksocial\app\public\wp-includes\functions.php:5831
[26-Apr-2024 18:51:04 UTC] PHP Notice:  Function wp_deregister_script was called <strong>incorrectly</strong>. Do not deregister the <code>jquery</code> script in the administration area. To target the front-end theme, use the <code>wp_enqueue_scripts</code> hook. Please see <a href="https://wordpress.org/support/article/debugging-in-wordpress/">Debugging in WordPress</a> for more information. (This message was added in version 3.6.0.) in C:\Users\jneth\Local Sites\ranksocial\app\public\wp-includes\functions.php on line 5831
[26-Apr-2024 18:51:04 UTC] PHP Stack trace:
[26-Apr-2024 18:51:04 UTC] PHP   1. {main}() C:\Users\jneth\Local Sites\ranksocial\app\public\wp-login.php:0
[26-Apr-2024 18:51:04 UTC] PHP   2. require() C:\Users\jneth\Local Sites\ranksocial\app\public\wp-login.php:12
[26-Apr-2024 18:51:04 UTC] PHP   3. require_once() C:\Users\jneth\Local Sites\ranksocial\app\public\wp-load.php:50
[26-Apr-2024 18:51:04 UTC] PHP   4. require_once() C:\Users\jneth\Local Sites\ranksocial\app\public\wp-config.php:98
[26-Apr-2024 18:51:04 UTC] PHP   5. do_action() C:\Users\jneth\Local Sites\ranksocial\app\public\wp-settings.php:598
[26-Apr-2024 18:51:04 UTC] PHP   6. WP_Hook->do_action() C:\Users\jneth\Local Sites\ranksocial\app\public\wp-includes\plugin.php:476
[26-Apr-2024 18:51:04 UTC] PHP   7. WP_Hook->apply_filters() C:\Users\jneth\Local Sites\ranksocial\app\public\wp-includes\class-wp-hook.php:331
[26-Apr-2024 18:51:04 UTC] PHP   8. use_jquery_from_google() C:\Users\jneth\Local Sites\ranksocial\app\public\wp-includes\class-wp-hook.php:307
[26-Apr-2024 18:51:04 UTC] PHP   9. wp_deregister_script() C:\Users\jneth\Local Sites\ranksocial\app\public\wp-content\themes\astraChild\functions.php:35
[26-Apr-2024 18:51:04 UTC] PHP  10. _doing_it_wrong() C:\Users\jneth\Local Sites\ranksocial\app\public\wp-includes\functions.wp-scripts.php:315
[26-Apr-2024 18:51:04 UTC] PHP  11. trigger_error() C:\Users\jneth\Local Sites\ranksocial\app\public\wp-includes\functions.php:5831
[16-May-2024 19:44:26 UTC] PHP Notice:  Function wp_deregister_script was called <strong>incorrectly</strong>. Do not deregister the <code>jquery</code> script in the administration area. To target the front-end theme, use the <code>wp_enqueue_scripts</code> hook. Please see <a href="https://wordpress.org/support/article/debugging-in-wordpress/">Debugging in WordPress</a> for more information. (This message was added in version 3.6.0.) in C:\Users\jneth\Local Sites\ranksocial\app\public\wp-includes\functions.php on line 5831
[16-May-2024 19:44:26 UTC] PHP Stack trace:
[16-May-2024 19:44:26 UTC] PHP   1. {main}() C:\Users\jneth\Local Sites\ranksocial\app\public\wp-login.php:0
[16-May-2024 19:44:26 UTC] PHP   2. require() C:\Users\jneth\Local Sites\ranksocial\app\public\wp-login.php:12
[16-May-2024 19:44:26 UTC] PHP   3. require_once() C:\Users\jneth\Local Sites\ranksocial\app\public\wp-load.php:50
[16-May-2024 19:44:26 UTC] PHP   4. require_once() C:\Users\jneth\Local Sites\ranksocial\app\public\wp-config.php:98
[16-May-2024 19:44:26 UTC] PHP   5. do_action() C:\Users\jneth\Local Sites\ranksocial\app\public\wp-settings.php:598
[16-May-2024 19:44:26 UTC] PHP   6. WP_Hook->do_action() C:\Users\jneth\Local Sites\ranksocial\app\public\wp-includes\plugin.php:476
[16-May-2024 19:44:26 UTC] PHP   7. WP_Hook->apply_filters() C:\Users\jneth\Local Sites\ranksocial\app\public\wp-includes\class-wp-hook.php:331
[16-May-2024 19:44:26 UTC] PHP   8. use_jquery_from_google() C:\Users\jneth\Local Sites\ranksocial\app\public\wp-includes\class-wp-hook.php:307
[16-May-2024 19:44:26 UTC] PHP   9. wp_deregister_script() C:\Users\jneth\Local Sites\ranksocial\app\public\wp-content\themes\astraChild\functions.php:35
[16-May-2024 19:44:26 UTC] PHP  10. _doing_it_wrong() C:\Users\jneth\Local Sites\ranksocial\app\public\wp-includes\functions.wp-scripts.php:315
[16-May-2024 19:44:26 UTC] PHP  11. trigger_error() C:\Users\jneth\Local Sites\ranksocial\app\public\wp-includes\functions.php:5831
[16-May-2024 19:44:27 UTC] PHP Notice:  Function wp_deregister_script was called <strong>incorrectly</strong>. Do not deregister the <code>jquery</code> script in the administration area. To target the front-end theme, use the <code>wp_enqueue_scripts</code> hook. Please see <a href="https://wordpress.org/support/article/debugging-in-wordpress/">Debugging in WordPress</a> for more information. (This message was added in version 3.6.0.) in C:\Users\jneth\Local Sites\ranksocial\app\public\wp-includes\functions.php on line 5831
[16-May-2024 19:44:27 UTC] PHP Stack trace:
[16-May-2024 19:44:27 UTC] PHP   1. {main}() C:\Users\jneth\Local Sites\ranksocial\app\public\wp-login.php:0
[16-May-2024 19:44:27 UTC] PHP   2. require() C:\Users\jneth\Local Sites\ranksocial\app\public\wp-login.php:12
[16-May-2024 19:44:27 UTC] PHP   3. require_once() C:\Users\jneth\Local Sites\ranksocial\app\public\wp-load.php:50
[16-May-2024 19:44:27 UTC] PHP   4. require_once() C:\Users\jneth\Local Sites\ranksocial\app\public\wp-config.php:98
[16-May-2024 19:44:27 UTC] PHP   5. do_action() C:\Users\jneth\Local Sites\ranksocial\app\public\wp-settings.php:598
[16-May-2024 19:44:27 UTC] PHP   6. WP_Hook->do_action() C:\Users\jneth\Local Sites\ranksocial\app\public\wp-includes\plugin.php:476
[16-May-2024 19:44:27 UTC] PHP   7. WP_Hook->apply_filters() C:\Users\jneth\Local Sites\ranksocial\app\public\wp-includes\class-wp-hook.php:331
[16-May-2024 19:44:27 UTC] PHP   8. use_jquery_from_google() C:\Users\jneth\Local Sites\ranksocial\app\public\wp-includes\class-wp-hook.php:307
[16-May-2024 19:44:27 UTC] PHP   9. wp_deregister_script() C:\Users\jneth\Local Sites\ranksocial\app\public\wp-content\themes\astraChild\functions.php:35
[16-May-2024 19:44:27 UTC] PHP  10. _doing_it_wrong() C:\Users\jneth\Local Sites\ranksocial\app\public\wp-includes\functions.wp-scripts.php:315
[16-May-2024 19:44:27 UTC] PHP  11. trigger_error() C:\Users\jneth\Local Sites\ranksocial\app\public\wp-includes\functions.php:5831
[16-May-2024 19:44:27 UTC] PHP Notice:  Function wp_deregister_script was called <strong>incorrectly</strong>. Do not deregister the <code>jquery</code> script in the administration area. To target the front-end theme, use the <code>wp_enqueue_scripts</code> hook. Please see <a href="https://wordpress.org/support/article/debugging-in-wordpress/">Debugging in WordPress</a> for more information. (This message was added in version 3.6.0.) in C:\Users\jneth\Local Sites\ranksocial\app\public\wp-includes\functions.php on line 5831
[16-May-2024 19:44:27 UTC] PHP Stack trace:
[16-May-2024 19:44:27 UTC] PHP   1. {main}() C:\Users\jneth\Local Sites\ranksocial\app\public\wp-login.php:0
[16-May-2024 19:44:27 UTC] PHP   2. require() C:\Users\jneth\Local Sites\ranksocial\app\public\wp-login.php:12
[16-May-2024 19:44:27 UTC] PHP   3. require_once() C:\Users\jneth\Local Sites\ranksocial\app\public\wp-load.php:50
[16-May-2024 19:44:27 UTC] PHP   4. require_once() C:\Users\jneth\Local Sites\ranksocial\app\public\wp-config.php:98
[16-May-2024 19:44:27 UTC] PHP   5. do_action() C:\Users\jneth\Local Sites\ranksocial\app\public\wp-settings.php:598
[16-May-2024 19:44:27 UTC] PHP   6. WP_Hook->do_action() C:\Users\jneth\Local Sites\ranksocial\app\public\wp-includes\plugin.php:476
[16-May-2024 19:44:27 UTC] PHP   7. WP_Hook->apply_filters() C:\Users\jneth\Local Sites\ranksocial\app\public\wp-includes\class-wp-hook.php:331
[16-May-2024 19:44:27 UTC] PHP   8. use_jquery_from_google() C:\Users\jneth\Local Sites\ranksocial\app\public\wp-includes\class-wp-hook.php:307
[16-May-2024 19:44:27 UTC] PHP   9. wp_deregister_script() C:\Users\jneth\Local Sites\ranksocial\app\public\wp-content\themes\astraChild\functions.php:35
[16-May-2024 19:44:27 UTC] PHP  10. _doing_it_wrong() C:\Users\jneth\Local Sites\ranksocial\app\public\wp-includes\functions.wp-scripts.php:315
[16-May-2024 19:44:27 UTC] PHP  11. trigger_error() C:\Users\jneth\Local Sites\ranksocial\app\public\wp-includes\functions.php:5831
[16-May-2024 19:44:28 UTC] PHP Notice:  Function wp_deregister_script was called <strong>incorrectly</strong>. Do not deregister the <code>jquery</code> script in the administration area. To target the front-end theme, use the <code>wp_enqueue_scripts</code> hook. Please see <a href="https://wordpress.org/support/article/debugging-in-wordpress/">Debugging in WordPress</a> for more information. (This message was added in version 3.6.0.) in C:\Users\jneth\Local Sites\ranksocial\app\public\wp-includes\functions.php on line 5831
[16-May-2024 19:44:28 UTC] PHP Stack trace:
[16-May-2024 19:44:28 UTC] PHP   1. {main}() C:\Users\jneth\Local Sites\ranksocial\app\public\wp-login.php:0
[16-May-2024 19:44:28 UTC] PHP   2. require() C:\Users\jneth\Local Sites\ranksocial\app\public\wp-login.php:12
[16-May-2024 19:44:28 UTC] PHP   3. require_once() C:\Users\jneth\Local Sites\ranksocial\app\public\wp-load.php:50
[16-May-2024 19:44:28 UTC] PHP   4. require_once() C:\Users\jneth\Local Sites\ranksocial\app\public\wp-config.php:98
[16-May-2024 19:44:28 UTC] PHP   5. do_action() C:\Users\jneth\Local Sites\ranksocial\app\public\wp-settings.php:598
[16-May-2024 19:44:28 UTC] PHP   6. WP_Hook->do_action() C:\Users\jneth\Local Sites\ranksocial\app\public\wp-includes\plugin.php:476
[16-May-2024 19:44:28 UTC] PHP   7. WP_Hook->apply_filters() C:\Users\jneth\Local Sites\ranksocial\app\public\wp-includes\class-wp-hook.php:331
[16-May-2024 19:44:28 UTC] PHP   8. use_jquery_from_google() C:\Users\jneth\Local Sites\ranksocial\app\public\wp-includes\class-wp-hook.php:307
[16-May-2024 19:44:28 UTC] PHP   9. wp_deregister_script() C:\Users\jneth\Local Sites\ranksocial\app\public\wp-content\themes\astraChild\functions.php:35
[16-May-2024 19:44:28 UTC] PHP  10. _doing_it_wrong() C:\Users\jneth\Local Sites\ranksocial\app\public\wp-includes\functions.wp-scripts.php:315
[16-May-2024 19:44:28 UTC] PHP  11. trigger_error() C:\Users\jneth\Local Sites\ranksocial\app\public\wp-includes\functions.php:5831
[16-May-2024 19:44:29 UTC] PHP Notice:  Function wp_deregister_script was called <strong>incorrectly</strong>. Do not deregister the <code>jquery</code> script in the administration area. To target the front-end theme, use the <code>wp_enqueue_scripts</code> hook. Please see <a href="https://wordpress.org/support/article/debugging-in-wordpress/">Debugging in WordPress</a> for more information. (This message was added in version 3.6.0.) in C:\Users\jneth\Local Sites\ranksocial\app\public\wp-includes\functions.php on line 5831
[16-May-2024 19:44:29 UTC] PHP Stack trace:
[16-May-2024 19:44:29 UTC] PHP   1. {main}() C:\Users\jneth\Local Sites\ranksocial\app\public\wp-login.php:0
[16-May-2024 19:44:29 UTC] PHP   2. require() C:\Users\jneth\Local Sites\ranksocial\app\public\wp-login.php:12
[16-May-2024 19:44:29 UTC] PHP   3. require_once() C:\Users\jneth\Local Sites\ranksocial\app\public\wp-load.php:50
[16-May-2024 19:44:29 UTC] PHP   4. require_once() C:\Users\jneth\Local Sites\ranksocial\app\public\wp-config.php:98
[16-May-2024 19:44:29 UTC] PHP   5. do_action() C:\Users\jneth\Local Sites\ranksocial\app\public\wp-settings.php:598
[16-May-2024 19:44:29 UTC] PHP   6. WP_Hook->do_action() C:\Users\jneth\Local Sites\ranksocial\app\public\wp-includes\plugin.php:476
[16-May-2024 19:44:29 UTC] PHP   7. WP_Hook->apply_filters() C:\Users\jneth\Local Sites\ranksocial\app\public\wp-includes\class-wp-hook.php:331
[16-May-2024 19:44:29 UTC] PHP   8. use_jquery_from_google() C:\Users\jneth\Local Sites\ranksocial\app\public\wp-includes\class-wp-hook.php:307
[16-May-2024 19:44:29 UTC] PHP   9. wp_deregister_script() C:\Users\jneth\Local Sites\ranksocial\app\public\wp-content\themes\astraChild\functions.php:35
[16-May-2024 19:44:29 UTC] PHP  10. _doing_it_wrong() C:\Users\jneth\Local Sites\ranksocial\app\public\wp-includes\functions.wp-scripts.php:315
[16-May-2024 19:44:29 UTC] PHP  11. trigger_error() C:\Users\jneth\Local Sites\ranksocial\app\public\wp-includes\functions.php:5831
[16-May-2024 19:45:28 UTC] PHP Notice:  Function wp_deregister_script was called <strong>incorrectly</strong>. Do not deregister the <code>jquery</code> script in the administration area. To target the front-end theme, use the <code>wp_enqueue_scripts</code> hook. Please see <a href="https://wordpress.org/support/article/debugging-in-wordpress/">Debugging in WordPress</a> for more information. (This message was added in version 3.6.0.) in C:\Users\jneth\Local Sites\ranksocial\app\public\wp-includes\functions.php on line 5831
[16-May-2024 19:45:28 UTC] PHP Stack trace:
[16-May-2024 19:45:28 UTC] PHP   1. {main}() C:\Users\jneth\Local Sites\ranksocial\app\public\wp-login.php:0
[16-May-2024 19:45:28 UTC] PHP   2. require() C:\Users\jneth\Local Sites\ranksocial\app\public\wp-login.php:12
[16-May-2024 19:45:28 UTC] PHP   3. require_once() C:\Users\jneth\Local Sites\ranksocial\app\public\wp-load.php:50
[16-May-2024 19:45:28 UTC] PHP   4. require_once() C:\Users\jneth\Local Sites\ranksocial\app\public\wp-config.php:98
[16-May-2024 19:45:28 UTC] PHP   5. do_action() C:\Users\jneth\Local Sites\ranksocial\app\public\wp-settings.php:598
[16-May-2024 19:45:28 UTC] PHP   6. WP_Hook->do_action() C:\Users\jneth\Local Sites\ranksocial\app\public\wp-includes\plugin.php:476
[16-May-2024 19:45:28 UTC] PHP   7. WP_Hook->apply_filters() C:\Users\jneth\Local Sites\ranksocial\app\public\wp-includes\class-wp-hook.php:331
[16-May-2024 19:45:28 UTC] PHP   8. use_jquery_from_google() C:\Users\jneth\Local Sites\ranksocial\app\public\wp-includes\class-wp-hook.php:307
[16-May-2024 19:45:28 UTC] PHP   9. wp_deregister_script() C:\Users\jneth\Local Sites\ranksocial\app\public\wp-content\themes\astraChild\functions.php:35
[16-May-2024 19:45:28 UTC] PHP  10. _doing_it_wrong() C:\Users\jneth\Local Sites\ranksocial\app\public\wp-includes\functions.wp-scripts.php:315
[16-May-2024 19:45:28 UTC] PHP  11. trigger_error() C:\Users\jneth\Local Sites\ranksocial\app\public\wp-includes\functions.php:5831
