2022-05-14T02:37:52+00:00 CRITICAL Maximum execution time of 55 seconds exceeded in /srv/www/wordpress/wp-content/plugins/php-compatibility-checker/vendor/squizlabs/php_codesniffer/CodeSniffer.php on line 306

2022-05-14T02:40:43+00:00 CRITICAL Maximum execution time of 55 seconds exceeded in /srv/www/wordpress/wp-content/plugins/php-compatibility-checker/vendor/phpcompatibility/php-compatibility/PHPCompatibility/PHPCSHelper.php on line 95

2022-05-14T02:42:43+00:00 CRITICAL Maximum execution time of 55 seconds exceeded in /srv/www/wordpress/wp-content/plugins/php-compatibility-checker/vendor/squizlabs/php_codesniffer/CodeSniffer.php on line 290

2022-05-14T02:43:47+00:00 CRITICAL Maximum execution time of 55 seconds exceeded in /srv/www/wordpress/wp-content/plugins/php-compatibility-checker/vendor/squizlabs/php_codesniffer/CodeSniffer.php on line 306

2022-05-14T02:45:47+00:00 CRITICAL Maximum execution time of 55 seconds exceeded in /srv/www/wordpress/wp-content/plugins/php-compatibility-checker/vendor/squizlabs/php_codesniffer/CodeSniffer.php on line 298

2022-05-14T02:48:47+00:00 CRITICAL Maximum execution time of 55 seconds exceeded in /srv/www/wordpress/wp-content/plugins/php-compatibility-checker/vendor/phpcompatibility/php-compatibility/PHPCompatibility/PHPCSHelper.php on line 47

2022-05-14T02:50:47+00:00 CRITICAL Maximum execution time of 55 seconds exceeded in /srv/www/wordpress/wp-content/plugins/php-compatibility-checker/vendor/phpcompatibility/php-compatibility/PHPCompatibility/PHPCSHelper.php on line 95

2022-05-14T02:52:47+00:00 CRITICAL Maximum execution time of 55 seconds exceeded in /srv/www/wordpress/wp-content/plugins/php-compatibility-checker/vendor/squizlabs/php_codesniffer/CodeSniffer/File.php on line 554

2022-05-14T02:54:47+00:00 CRITICAL Maximum execution time of 55 seconds exceeded in /srv/www/wordpress/wp-content/plugins/php-compatibility-checker/vendor/squizlabs/php_codesniffer/CodeSniffer/File.php on line 536

2022-05-14T02:55:53+00:00 CRITICAL Maximum execution time of 55 seconds exceeded in /srv/www/wordpress/wp-content/plugins/php-compatibility-checker/vendor/squizlabs/php_codesniffer/CodeSniffer.php on line 298

2022-05-14T02:57:00+00:00 CRITICAL Maximum execution time of 55 seconds exceeded in /srv/www/wordpress/wp-content/plugins/php-compatibility-checker/vendor/squizlabs/php_codesniffer/CodeSniffer.php on line 298

2022-05-14T02:59:34+00:00 CRITICAL Maximum execution time of 55 seconds exceeded in /srv/www/wordpress/wp-content/plugins/php-compatibility-checker/vendor/squizlabs/php_codesniffer/CodeSniffer/File.php on line 3335

2022-05-14T03:00:34+00:00 CRITICAL Maximum execution time of 55 seconds exceeded in /srv/www/wordpress/wp-content/plugins/php-compatibility-checker/vendor/squizlabs/php_codesniffer/CodeSniffer.php on line 2366

2022-05-14T03:01:59+00:00 CRITICAL Maximum execution time of 55 seconds exceeded in /srv/www/wordpress/wp-content/plugins/php-compatibility-checker/vendor/squizlabs/php_codesniffer/CodeSniffer.php on line 2208

2022-05-14T03:02:59+00:00 CRITICAL Maximum execution time of 55 seconds exceeded in /srv/www/wordpress/wp-content/plugins/php-compatibility-checker/vendor/phpcompatibility/php-compatibility/PHPCompatibility/PHPCSHelper.php on line 95

2022-05-14T03:04:36+00:00 CRITICAL Maximum execution time of 55 seconds exceeded in /srv/www/wordpress/wp-content/plugins/php-compatibility-checker/vendor/phpcompatibility/php-compatibility/PHPCompatibility/AbstractFunctionCallParameterSniff.php on line 98

2022-05-14T03:06:21+00:00 CRITICAL Maximum execution time of 55 seconds exceeded in /srv/www/wordpress/wp-content/plugins/php-compatibility-checker/vendor/squizlabs/php_codesniffer/CodeSniffer/File.php on line 577

2022-05-14T03:07:50+00:00 CRITICAL Maximum execution time of 55 seconds exceeded in /srv/www/wordpress/wp-content/plugins/php-compatibility-checker/vendor/phpcompatibility/php-compatibility/PHPCompatibility/Sniffs/Syntax/NewClassMemberAccessSniff.php on line 141

2022-05-14T03:11:12+00:00 CRITICAL Maximum execution time of 55 seconds exceeded in /srv/www/wordpress/wp-content/plugins/php-compatibility-checker/vendor/squizlabs/php_codesniffer/CodeSniffer/Tokenizers/PHP.php on line 1412

2022-05-14T03:13:12+00:00 CRITICAL Maximum execution time of 55 seconds exceeded in /srv/www/wordpress/wp-content/plugins/php-compatibility-checker/vendor/phpcompatibility/php-compatibility/PHPCompatibility/PHPCSHelper.php on line 95

2022-05-14T03:15:13+00:00 CRITICAL Maximum execution time of 55 seconds exceeded in /srv/www/wordpress/wp-content/plugins/duplicate-post/vendor/composer/ClassLoader.php on line 427

2022-05-14T03:17:14+00:00 CRITICAL Maximum execution time of 55 seconds exceeded in /srv/www/wordpress/wp-content/plugins/php-compatibility-checker/vendor/phpcompatibility/php-compatibility/PHPCompatibility/PHPCSHelper.php on line 95

2022-05-14T03:19:15+00:00 CRITICAL Maximum execution time of 55 seconds exceeded in /srv/www/wordpress/wp-content/plugins/php-compatibility-checker/vendor/phpcompatibility/php-compatibility/PHPCompatibility/PHPCSHelper.php on line 95

2022-05-14T03:20:24+00:00 CRITICAL Maximum execution time of 55 seconds exceeded in /srv/www/wordpress/wp-content/plugins/woocommerce/vendor/jetpack-autoloader/class-version-loader.php on line 131

2022-05-14T03:21:26+00:00 CRITICAL Maximum execution time of 55 seconds exceeded in /srv/www/wordpress/wp-content/plugins/php-compatibility-checker/vendor/squizlabs/php_codesniffer/CodeSniffer.php on line 298

2022-05-14T03:24:04+00:00 CRITICAL Maximum execution time of 55 seconds exceeded in /srv/www/wordpress/wp-content/plugins/php-compatibility-checker/vendor/squizlabs/php_codesniffer/CodeSniffer/File.php on line 1608

2022-05-14T03:26:55+00:00 CRITICAL Maximum execution time of 55 seconds exceeded in /srv/www/wordpress/wp-content/plugins/php-compatibility-checker/vendor/squizlabs/php_codesniffer/CodeSniffer.php on line 298

2022-05-14T03:28:55+00:00 CRITICAL Maximum execution time of 55 seconds exceeded in /srv/www/wordpress/wp-content/plugins/php-compatibility-checker/vendor/phpcompatibility/php-compatibility/PHPCompatibility/PHPCSHelper.php on line 95

