2022-05-17T14:07:12+00:00 CRITICAL Maximum execution time of 55 seconds exceeded in /srv/www/wordpress/wp-content/plugins/php-compatibility-checker/vendor/squizlabs/php_codesniffer/CodeSniffer/File.php on line 3335

2022-05-17T14:08:19+00:00 CRITICAL Maximum execution time of 55 seconds exceeded in /srv/www/wordpress/wp-content/plugins/woocommerce/packages/action-scheduler/classes/abstracts/ActionScheduler.php on line 70

2022-05-17T14:11:43+00:00 CRITICAL Maximum execution time of 55 seconds exceeded in /srv/www/wordpress/wp-content/plugins/php-compatibility-checker/vendor/phpcompatibility/php-compatibility/PHPCompatibility/PHPCSHelper.php on line 95

2022-05-17T14:13:55+00:00 CRITICAL Maximum execution time of 55 seconds exceeded in /srv/www/wordpress/wp-content/plugins/php-compatibility-checker/vendor/squizlabs/php_codesniffer/CodeSniffer.php on line 306

2022-05-17T14:17:44+00:00 CRITICAL Maximum execution time of 55 seconds exceeded in /srv/www/wordpress/wp-content/plugins/php-compatibility-checker/vendor/squizlabs/php_codesniffer/CodeSniffer.php on line 2366

2022-05-17T14:19:25+00:00 CRITICAL Maximum execution time of 55 seconds exceeded in /srv/www/wordpress/wp-content/plugins/php-compatibility-checker/vendor/phpcompatibility/php-compatibility/PHPCompatibility/PHPCSHelper.php on line 95

2022-05-17T14:20:41+00:00 CRITICAL Maximum execution time of 55 seconds exceeded in /srv/www/wordpress/wp-content/plugins/php-compatibility-checker/vendor/squizlabs/php_codesniffer/CodeSniffer/File.php on line 3362

2022-05-17T14:22:41+00:00 CRITICAL Maximum execution time of 55 seconds exceeded in /srv/www/wordpress/wp-content/plugins/php-compatibility-checker/vendor/phpcompatibility/php-compatibility/PHPCompatibility/PHPCSHelper.php on line 95

2022-05-17T14:24:41+00:00 CRITICAL Maximum execution time of 55 seconds exceeded in /srv/www/wordpress/wp-content/plugins/php-compatibility-checker/vendor/phpcompatibility/php-compatibility/PHPCompatibility/PHPCSHelper.php on line 95

2022-05-17T14:26:41+00:00 CRITICAL Maximum execution time of 55 seconds exceeded in /srv/www/wordpress/wp-content/plugins/php-compatibility-checker/vendor/phpcompatibility/php-compatibility/PHPCompatibility/PHPCSHelper.php on line 95

2022-05-17T14:31:21+00:00 CRITICAL Maximum execution time of 55 seconds exceeded in /srv/www/wordpress/wp-content/plugins/php-compatibility-checker/vendor/phpcompatibility/php-compatibility/PHPCompatibility/AbstractFunctionCallParameterSniff.php on line 104

2022-05-17T14:33:09+00:00 CRITICAL Maximum execution time of 55 seconds exceeded in /srv/www/wordpress/wp-content/plugins/php-compatibility-checker/vendor/squizlabs/php_codesniffer/CodeSniffer/File.php on line 3362

2022-05-17T14:34:42+00:00 CRITICAL Maximum execution time of 55 seconds exceeded in /srv/www/wordpress/wp-content/plugins/php-compatibility-checker/vendor/squizlabs/php_codesniffer/CodeSniffer.php on line 298

2022-05-17T14:36:38+00:00 CRITICAL Maximum execution time of 55 seconds exceeded in /srv/www/wordpress/wp-content/plugins/php-compatibility-checker/vendor/phpcompatibility/php-compatibility/PHPCompatibility/PHPCSHelper.php on line 95

2022-05-17T14:38:17+00:00 CRITICAL Maximum execution time of 55 seconds exceeded in /srv/www/wordpress/wp-content/plugins/php-compatibility-checker/vendor/phpcompatibility/php-compatibility/PHPCompatibility/PHPCSHelper.php on line 95

2022-05-17T14:40:20+00:00 CRITICAL Maximum execution time of 55 seconds exceeded in /srv/www/wordpress/wp-content/plugins/php-compatibility-checker/vendor/phpcompatibility/php-compatibility/PHPCompatibility/PHPCSHelper.php on line 95

2022-05-17T14:43:10+00:00 CRITICAL Maximum execution time of 55 seconds exceeded in /srv/www/wordpress/wp-content/plugins/php-compatibility-checker/vendor/squizlabs/php_codesniffer/CodeSniffer/File.php on line 3335

2022-05-17T14:44:37+00:00 CRITICAL Maximum execution time of 55 seconds exceeded in /srv/www/wordpress/wp-content/plugins/php-compatibility-checker/vendor/squizlabs/php_codesniffer/CodeSniffer/File.php on line 3335

2022-05-17T14:46:37+00:00 CRITICAL Maximum execution time of 55 seconds exceeded in /srv/www/wordpress/wp-content/plugins/php-compatibility-checker/vendor/squizlabs/php_codesniffer/CodeSniffer.php on line 282

2022-05-17T14:47:37+00:00 CRITICAL Maximum execution time of 55 seconds exceeded in /srv/www/wordpress/wp-content/plugins/wp-mail-smtp/wp-mail-smtp.php on line 18

2022-05-17T14:50:03+00:00 CRITICAL Maximum execution time of 55 seconds exceeded in /srv/www/wordpress/wp-content/plugins/php-compatibility-checker/vendor/phpcompatibility/php-compatibility/PHPCompatibility/PHPCSHelper.php on line 95

2022-05-17T14:53:56+00:00 CRITICAL Maximum execution time of 55 seconds exceeded in /srv/www/wordpress/wp-content/plugins/php-compatibility-checker/vendor/phpcompatibility/php-compatibility/PHPCompatibility/PHPCSHelper.php on line 95

2022-05-17T14:54:57+00:00 CRITICAL Maximum execution time of 55 seconds exceeded in /srv/www/wordpress/wp-content/plugins/php-compatibility-checker/vendor/squizlabs/php_codesniffer/CodeSniffer/File.php on line 3335

2022-05-17T14:56:56+00:00 CRITICAL Maximum execution time of 55 seconds exceeded in /srv/www/wordpress/wp-content/plugins/w3-total-cache/w3-total-cache-api.php on line 174

2022-05-17T14:58:12+00:00 CRITICAL Maximum execution time of 55 seconds exceeded in /srv/www/wordpress/wp-content/plugins/php-compatibility-checker/vendor/squizlabs/php_codesniffer/CodeSniffer.php on line 290

2022-05-17T15:01:00+00:00 CRITICAL Maximum execution time of 55 seconds exceeded in /srv/www/wordpress/wp-content/plugins/php-compatibility-checker/vendor/squizlabs/php_codesniffer/CodeSniffer.php on line 298

2022-05-17T15:02:41+00:00 CRITICAL Maximum execution time of 55 seconds exceeded in /srv/www/wordpress/wp-content/plugins/php-compatibility-checker/vendor/squizlabs/php_codesniffer/CodeSniffer/File.php on line 2094

2022-05-17T16:30:50+00:00 CRITICAL Maximum execution time of 55 seconds exceeded in /srv/www/wordpress/wp-content/plugins/php-compatibility-checker/vendor/phpcompatibility/php-compatibility/PHPCompatibility/PHPCSHelper.php on line 95

2022-05-17T16:34:17+00:00 CRITICAL Maximum execution time of 55 seconds exceeded in /srv/www/wordpress/wp-content/plugins/php-compatibility-checker/vendor/phpcompatibility/php-compatibility/PHPCompatibility/PHPCSHelper.php on line 95

2022-05-17T16:36:18+00:00 CRITICAL Maximum execution time of 55 seconds exceeded in /srv/www/wordpress/wp-content/plugins/woocommerce/includes/class-wc-autoloader.php on line 68

2022-05-17T16:38:19+00:00 CRITICAL Maximum execution time of 55 seconds exceeded in /srv/www/wordpress/wp-content/plugins/php-compatibility-checker/vendor/squizlabs/php_codesniffer/CodeSniffer.php on line 298

2022-05-17T16:40:19+00:00 CRITICAL Maximum execution time of 55 seconds exceeded in /srv/www/wordpress/wp-content/plugins/php-compatibility-checker/vendor/phpcompatibility/php-compatibility/PHPCompatibility/PHPCSHelper.php on line 47

2022-05-17T16:44:37+00:00 CRITICAL Maximum execution time of 55 seconds exceeded in /srv/www/wordpress/wp-content/plugins/php-compatibility-checker/vendor/squizlabs/php_codesniffer/CodeSniffer.php on line 658

2022-05-17T16:45:41+00:00 CRITICAL Maximum execution time of 55 seconds exceeded in /srv/www/wordpress/wp-content/plugins/php-compatibility-checker/vendor/phpcompatibility/php-compatibility/PHPCompatibility/PHPCSHelper.php on line 95

2022-05-17T16:47:41+00:00 CRITICAL Maximum execution time of 55 seconds exceeded in /srv/www/wordpress/wp-content/plugins/php-compatibility-checker/vendor/squizlabs/php_codesniffer/CodeSniffer.php on line 298

2022-05-17T16:49:42+00:00 CRITICAL Maximum execution time of 55 seconds exceeded in /srv/www/wordpress/wp-content/plugins/php-compatibility-checker/vendor/phpcompatibility/php-compatibility/PHPCompatibility/PHPCSHelper.php on line 95

2022-05-17T16:50:43+00:00 CRITICAL Maximum execution time of 55 seconds exceeded in /srv/www/wordpress/wp-content/plugins/php-compatibility-checker/vendor/squizlabs/php_codesniffer/CodeSniffer.php on line 298

2022-05-17T16:52:23+00:00 CRITICAL Maximum execution time of 55 seconds exceeded in /srv/www/wordpress/wp-content/plugins/php-compatibility-checker/vendor/squizlabs/php_codesniffer/CodeSniffer.php on line 2203

2022-05-17T16:53:23+00:00 CRITICAL Maximum execution time of 55 seconds exceeded in /srv/www/wordpress/wp-content/plugins/php-compatibility-checker/vendor/squizlabs/php_codesniffer/CodeSniffer/File.php on line 3335

2022-05-17T16:55:23+00:00 CRITICAL Maximum execution time of 55 seconds exceeded in /srv/www/wordpress/wp-content/plugins/php-compatibility-checker/vendor/squizlabs/php_codesniffer/CodeSniffer/File.php on line 1677

2022-05-17T16:56:23+00:00 CRITICAL Maximum execution time of 55 seconds exceeded in /srv/www/wordpress/wp-content/plugins/php-compatibility-checker/vendor/squizlabs/php_codesniffer/CodeSniffer/File.php on line 1801

2022-05-17T16:58:23+00:00 CRITICAL Maximum execution time of 55 seconds exceeded in /srv/www/wordpress/wp-content/plugins/php-compatibility-checker/vendor/phpcompatibility/php-compatibility/PHPCompatibility/Sniffs/FunctionNameRestrictions/NewMagicMethodsSniff.php on line 81

2022-05-17T17:02:24+00:00 CRITICAL Maximum execution time of 55 seconds exceeded in /srv/www/wordpress/wp-content/plugins/php-compatibility-checker/vendor/squizlabs/php_codesniffer/CodeSniffer/File.php on line 3335

2022-05-17T17:04:25+00:00 CRITICAL Maximum execution time of 55 seconds exceeded in /srv/www/wordpress/wp-content/plugins/php-compatibility-checker/vendor/squizlabs/php_codesniffer/CodeSniffer/File.php on line 3335

2022-05-17T17:05:27+00:00 CRITICAL Maximum execution time of 55 seconds exceeded in /srv/www/wordpress/wp-content/plugins/php-compatibility-checker/vendor/phpcompatibility/php-compatibility/PHPCompatibility/PHPCSHelper.php on line 95

2022-05-17T17:50:10+00:00 CRITICAL Maximum execution time of 55 seconds exceeded in /srv/www/wordpress/wp-content/plugins/wordpress-seo/wp-seo-main.php on line 59

2022-05-17T18:01:13+00:00 CRITICAL Maximum execution time of 55 seconds exceeded in /srv/www/wordpress/wp-content/plugins/php-compatibility-checker/vendor/squizlabs/php_codesniffer/CodeSniffer/File.php on line 554

2022-05-17T18:04:30+00:00 CRITICAL Maximum execution time of 55 seconds exceeded in /srv/www/wordpress/wp-content/plugins/php-compatibility-checker/vendor/squizlabs/php_codesniffer/CodeSniffer.php on line 283

2022-05-17T18:06:15+00:00 CRITICAL Maximum execution time of 55 seconds exceeded in /srv/www/wordpress/wp-content/plugins/php-compatibility-checker/vendor/phpcompatibility/php-compatibility/PHPCompatibility/PHPCSHelper.php on line 95

2022-05-17T18:10:09+00:00 CRITICAL Maximum execution time of 55 seconds exceeded in /srv/www/wordpress/wp-content/plugins/wordpress-seo/wp-seo-main.php on line 70

2022-05-17T18:12:21+00:00 CRITICAL Maximum execution time of 55 seconds exceeded in /srv/www/wordpress/wp-content/plugins/php-compatibility-checker/vendor/squizlabs/php_codesniffer/CodeSniffer.php on line 298

2022-05-17T18:13:22+00:00 CRITICAL Maximum execution time of 55 seconds exceeded in /srv/www/wordpress/wp-content/plugins/php-compatibility-checker/vendor/squizlabs/php_codesniffer/CodeSniffer.php on line 290

2022-05-17T18:15:36+00:00 CRITICAL Maximum execution time of 55 seconds exceeded in /srv/www/wordpress/wp-content/plugins/php-compatibility-checker/vendor/phpcompatibility/php-compatibility/PHPCompatibility/Sniffs/Syntax/NewArrayStringDereferencingSniff.php on line 146

2022-05-17T18:17:20+00:00 CRITICAL Maximum execution time of 55 seconds exceeded in /srv/www/wordpress/wp-content/plugins/smart-slider-3/Nextend/Autoloader.php on line 125

2022-05-17T18:18:20+00:00 CRITICAL Maximum execution time of 55 seconds exceeded in /srv/www/wordpress/wp-content/plugins/php-compatibility-checker/vendor/squizlabs/php_codesniffer/CodeSniffer.php on line 290

2022-05-17T18:19:20+00:00 CRITICAL Maximum execution time of 55 seconds exceeded in /srv/www/wordpress/wp-content/plugins/woocommerce/packages/action-scheduler/classes/abstracts/ActionScheduler.php on line 74

2022-05-17T18:23:22+00:00 CRITICAL Maximum execution time of 55 seconds exceeded in /srv/www/wordpress/wp-content/plugins/php-compatibility-checker/vendor/squizlabs/php_codesniffer/CodeSniffer.php on line 298

