2022-05-26T15:50:01+00:00 ERROR Error getting data feed
2022-05-26T15:50:01+00:00 ERROR WP_Error Object
(
    [errors] => Array
        (
            [http_request_failed] => Array
                (
                    [0] => stream_socket_client(): php_network_getaddresses: getaddrinfo failed: Temporary failure in name resolution
stream_socket_client(): unable to connect to ssl://woocommerce.com:443 (php_network_getaddresses: getaddrinfo failed: Temporary failure in name resolution)
                )

        )

    [error_data] => Array
        (
        )

    [additional_data:protected] => Array
        (
        )

)

2022-05-26T15:50:11+00:00 ERROR Error getting data feed
2022-05-26T15:50:11+00:00 ERROR WP_Error Object
(
    [errors] => Array
        (
            [http_request_failed] => Array
                (
                    [0] => stream_socket_client(): php_network_getaddresses: getaddrinfo failed: Temporary failure in name resolution
stream_socket_client(): unable to connect to ssl://woocommerce.com:443 (php_network_getaddresses: getaddrinfo failed: Temporary failure in name resolution)
                )

        )

    [error_data] => Array
        (
        )

    [additional_data:protected] => Array
        (
        )

)

2022-05-26T15:50:41+00:00 ERROR Error getting data feed
2022-05-26T15:50:41+00:00 ERROR WP_Error Object
(
    [errors] => Array
        (
            [http_request_failed] => Array
                (
                    [0] => stream_socket_client(): php_network_getaddresses: getaddrinfo failed: Temporary failure in name resolution
stream_socket_client(): unable to connect to ssl://woocommerce.com:443 (php_network_getaddresses: getaddrinfo failed: Temporary failure in name resolution)
                )

        )

    [error_data] => Array
        (
        )

    [additional_data:protected] => Array
        (
        )

)

2022-05-26T15:50:51+00:00 ERROR Error getting data feed
2022-05-26T15:50:51+00:00 ERROR WP_Error Object
(
    [errors] => Array
        (
            [http_request_failed] => Array
                (
                    [0] => stream_socket_client(): php_network_getaddresses: getaddrinfo failed: Temporary failure in name resolution
stream_socket_client(): unable to connect to ssl://woocommerce.com:443 (php_network_getaddresses: getaddrinfo failed: Temporary failure in name resolution)
                )

        )

    [error_data] => Array
        (
        )

    [additional_data:protected] => Array
        (
        )

)

2022-05-26T15:51:01+00:00 ERROR Error getting data feed
2022-05-26T15:51:01+00:00 ERROR WP_Error Object
(
    [errors] => Array
        (
            [http_request_failed] => Array
                (
                    [0] => stream_socket_client(): php_network_getaddresses: getaddrinfo failed: Temporary failure in name resolution
stream_socket_client(): unable to connect to ssl://woocommerce.com:443 (php_network_getaddresses: getaddrinfo failed: Temporary failure in name resolution)
                )

        )

    [error_data] => Array
        (
        )

    [additional_data:protected] => Array
        (
        )

)

2022-05-26T15:51:42+00:00 ERROR Error getting data feed
2022-05-26T15:51:42+00:00 ERROR WP_Error Object
(
    [errors] => Array
        (
            [http_request_failed] => Array
                (
                    [0] => stream_socket_client(): php_network_getaddresses: getaddrinfo failed: Temporary failure in name resolution
stream_socket_client(): unable to connect to ssl://woocommerce.com:443 (php_network_getaddresses: getaddrinfo failed: Temporary failure in name resolution)
                )

        )

    [error_data] => Array
        (
        )

    [additional_data:protected] => Array
        (
        )

)

2022-05-26T15:51:52+00:00 ERROR Error getting data feed
2022-05-26T15:51:52+00:00 ERROR WP_Error Object
(
    [errors] => Array
        (
            [http_request_failed] => Array
                (
                    [0] => stream_socket_client(): php_network_getaddresses: getaddrinfo failed: Temporary failure in name resolution
stream_socket_client(): unable to connect to ssl://woocommerce.com:443 (php_network_getaddresses: getaddrinfo failed: Temporary failure in name resolution)
                )

        )

    [error_data] => Array
        (
        )

    [additional_data:protected] => Array
        (
        )

)

2022-05-26T16:02:12+00:00 ERROR Error getting data feed
2022-05-26T16:02:12+00:00 ERROR WP_Error Object
(
    [errors] => Array
        (
            [http_request_failed] => Array
                (
                    [0] => stream_socket_client(): php_network_getaddresses: getaddrinfo failed: Temporary failure in name resolution
stream_socket_client(): unable to connect to ssl://woocommerce.com:443 (php_network_getaddresses: getaddrinfo failed: Temporary failure in name resolution)
                )

        )

    [error_data] => Array
        (
        )

    [additional_data:protected] => Array
        (
        )

)

2022-05-26T16:02:12+00:00 ERROR Error getting data feed
2022-05-26T16:02:12+00:00 ERROR WP_Error Object
(
    [errors] => Array
        (
            [http_request_failed] => Array
                (
                    [0] => stream_socket_client(): php_network_getaddresses: getaddrinfo failed: Temporary failure in name resolution
stream_socket_client(): unable to connect to ssl://woocommerce.com:443 (php_network_getaddresses: getaddrinfo failed: Temporary failure in name resolution)
                )

        )

    [error_data] => Array
        (
        )

    [additional_data:protected] => Array
        (
        )

)

2022-05-26T16:02:12+00:00 ERROR Error getting data feed
2022-05-26T16:02:12+00:00 ERROR WP_Error Object
(
    [errors] => Array
        (
            [http_request_failed] => Array
                (
                    [0] => stream_socket_client(): php_network_getaddresses: getaddrinfo failed: Temporary failure in name resolution
stream_socket_client(): unable to connect to ssl://woocommerce.com:443 (php_network_getaddresses: getaddrinfo failed: Temporary failure in name resolution)
                )

        )

    [error_data] => Array
        (
        )

    [additional_data:protected] => Array
        (
        )

)

2022-05-26T16:02:12+00:00 ERROR Error getting data feed
2022-05-26T16:02:12+00:00 ERROR WP_Error Object
(
    [errors] => Array
        (
            [http_request_failed] => Array
                (
                    [0] => stream_socket_client(): php_network_getaddresses: getaddrinfo failed: Temporary failure in name resolution
stream_socket_client(): unable to connect to ssl://woocommerce.com:443 (php_network_getaddresses: getaddrinfo failed: Temporary failure in name resolution)
                )

        )

    [error_data] => Array
        (
        )

    [additional_data:protected] => Array
        (
        )

)

2022-05-26T16:02:12+00:00 ERROR Error getting data feed
2022-05-26T16:02:12+00:00 ERROR WP_Error Object
(
    [errors] => Array
        (
            [http_request_failed] => Array
                (
                    [0] => stream_socket_client(): php_network_getaddresses: getaddrinfo failed: Temporary failure in name resolution
stream_socket_client(): unable to connect to ssl://woocommerce.com:443 (php_network_getaddresses: getaddrinfo failed: Temporary failure in name resolution)
                )

        )

    [error_data] => Array
        (
        )

    [additional_data:protected] => Array
        (
        )

)

